<?xml version="1.0" encoding="UTF-8"?>
<!-- Generated by org.testng.reporters.JUnitXMLReporter -->
<testsuite ignored="0" hostname="ak1" failures="0" tests="2" name="Default test" time="64.778" errors="0" timestamp="2025-04-04T09:51:48 IST">
  <testcase classname="CSTech_Infosolutions_Assignment.CSTech_Infosolutions.FullSetUpTest" name="userLogin" time="15.164"/>
  <testcase classname="CSTech_Infosolutions_Assignment.CSTech_Infosolutions.FullSetUpTest" name="testFlow" time="32.32"/>
</testsuite> <!-- Default test -->
