<?xml version="1.0" encoding="UTF-8"?>
<testng-results ignored="0" total="2" passed="2" failed="0" skipped="0">
  <reporter-output>
  </reporter-output>
  <suite started-at="2025-04-04T09:50:43 IST" name="Default suite" finished-at="2025-04-04T09:51:48 IST" duration-ms="64778">
    <groups>
    </groups>
    <test started-at="2025-04-04T09:50:43 IST" name="Default test" finished-at="2025-04-04T09:51:48 IST" duration-ms="64778">
      <class name="CSTech_Infosolutions_Assignment.CSTech_Infosolutions.FullSetUpTest">
        <test-method is-config="true" signature="setup()[pri:0, instance:CSTech_Infosolutions_Assignment.CSTech_Infosolutions.FullSetUpTest@738dc9b]" started-at="2025-04-04T09:50:43 IST" name="setup" finished-at="2025-04-04T09:50:44 IST" duration-ms="1646" status="PASS">
          <reporter-output>
          </reporter-output>
        </test-method> <!-- setup -->
        <test-method is-config="true" signature="setupTest()[pri:0, instance:CSTech_Infosolutions_Assignment.CSTech_Infosolutions.FullSetUpTest@738dc9b]" started-at="2025-04-04T09:50:44 IST" name="setupTest" finished-at="2025-04-04T09:50:49 IST" duration-ms="5012" status="PASS">
          <reporter-output>
          </reporter-output>
        </test-method> <!-- setupTest -->
        <test-method signature="userLogin()[pri:1, instance:CSTech_Infosolutions_Assignment.CSTech_Infosolutions.FullSetUpTest@738dc9b]" started-at="2025-04-04T09:50:49 IST" name="userLogin" finished-at="2025-04-04T09:51:05 IST" duration-ms="15164" status="PASS">
          <reporter-output>
          </reporter-output>
        </test-method> <!-- userLogin -->
        <test-method is-config="true" signature="setupTest()[pri:0, instance:CSTech_Infosolutions_Assignment.CSTech_Infosolutions.FullSetUpTest@738dc9b]" started-at="2025-04-04T09:51:05 IST" name="setupTest" finished-at="2025-04-04T09:51:15 IST" duration-ms="10590" status="PASS">
          <reporter-output>
          </reporter-output>
        </test-method> <!-- setupTest -->
        <test-method signature="testFlow()[pri:2, instance:CSTech_Infosolutions_Assignment.CSTech_Infosolutions.FullSetUpTest@738dc9b]" started-at="2025-04-04T09:51:15 IST" name="testFlow" finished-at="2025-04-04T09:51:48 IST" duration-ms="32320" status="PASS">
          <reporter-output>
          </reporter-output>
        </test-method> <!-- testFlow -->
      </class> <!-- CSTech_Infosolutions_Assignment.CSTech_Infosolutions.FullSetUpTest -->
    </test> <!-- Default test -->
  </suite> <!-- Default suite -->
</testng-results>
