<?xml version="1.0" encoding="UTF-8"?>
<testng-results ignored="0" total="1" passed="1" failed="0" skipped="0">
  <reporter-output>
  </reporter-output>
  <suite started-at="2025-03-31T21:00:05 IST" name="Default suite" finished-at="2025-03-31T21:00:12 IST" duration-ms="6113">
    <groups>
    </groups>
    <test started-at="2025-03-31T21:00:05 IST" name="Default test" finished-at="2025-03-31T21:00:12 IST" duration-ms="6113">
      <class name="CSTech_Infosolutions_Assignment.CSTech_Infosolutions.FullSetUpTest">
        <test-method is-config="true" signature="setup()[pri:0, instance:CSTech_Infosolutions_Assignment.CSTech_Infosolutions.FullSetUpTest@738dc9b]" started-at="2025-03-31T21:00:05 IST" name="setup" finished-at="2025-03-31T21:00:07 IST" duration-ms="1863" status="PASS">
          <reporter-output>
          </reporter-output>
        </test-method> <!-- setup -->
        <test-method is-config="true" signature="setupTest()[pri:0, instance:CSTech_Infosolutions_Assignment.CSTech_Infosolutions.FullSetUpTest@738dc9b]" started-at="2025-03-31T21:00:07 IST" name="setupTest" finished-at="2025-03-31T21:00:11 IST" duration-ms="3671" status="PASS">
          <reporter-output>
          </reporter-output>
        </test-method> <!-- setupTest -->
        <test-method signature="UserLogin()[pri:1, instance:CSTech_Infosolutions_Assignment.CSTech_Infosolutions.FullSetUpTest@738dc9b]" started-at="2025-03-31T21:00:11 IST" name="UserLogin" finished-at="2025-03-31T21:00:11 IST" duration-ms="269" status="PASS">
          <reporter-output>
          </reporter-output>
        </test-method> <!-- UserLogin -->
        <test-method is-config="true" signature="tearDown()[pri:0, instance:CSTech_Infosolutions_Assignment.CSTech_Infosolutions.FullSetUpTest@738dc9b]" started-at="2025-03-31T21:00:11 IST" name="tearDown" finished-at="2025-03-31T21:00:12 IST" duration-ms="256" status="PASS">
          <reporter-output>
          </reporter-output>
        </test-method> <!-- tearDown -->
      </class> <!-- CSTech_Infosolutions_Assignment.CSTech_Infosolutions.FullSetUpTest -->
    </test> <!-- Default test -->
  </suite> <!-- Default suite -->
</testng-results>
